mongod --help for help and startup options
Mon Mar 12 16:39:07 
Mon Mar 12 16:39:07 warning: 32-bit servers don't have journaling enabled by default. Please use --journal if you want durability.
Mon Mar 12 16:39:07 
Mon Mar 12 16:39:07 [initandlisten] MongoDB starting : pid=1203 port=27017 dbpath=/data/db/ 32-bit host=archbang
Mon Mar 12 16:39:07 [initandlisten] 
Mon Mar 12 16:39:07 [initandlisten] ** NOTE: when using MongoDB 32 bit, you are limited to about 2 gigabytes of data
Mon Mar 12 16:39:07 [initandlisten] **       see http://blog.mongodb.org/post/137788967/32-bit-limitations
Mon Mar 12 16:39:07 [initandlisten] **       with --journal, the limit is lower
Mon Mar 12 16:39:07 [initandlisten] 
Mon Mar 12 16:39:07 [initandlisten] db version v2.0.3, pdfile version 4.5
Mon Mar 12 16:39:07 [initandlisten] git version: nogitversion
Mon Mar 12 16:39:07 [initandlisten] build info: Linux brynhild.archlinux.org 3.2.6-1-ARCH #1 SMP PREEMPT Tue Feb 14 09:11:26 CET 2012 i686 BOOST_LIB_VERSION=1_49
Mon Mar 12 16:39:07 [initandlisten] options: {}
Mon Mar 12 16:39:07 [websvr] admin web console waiting for connections on port 28017
Mon Mar 12 16:39:07 [initandlisten] waiting for connections on port 27017
Mon Mar 12 16:39:16 [initandlisten] connection accepted from 127.0.0.1:50478 #1
Mon Mar 12 16:40:07 [clientcursormon] mem (MB) res:28 virt:114 mapped:32
Mon Mar 12 16:45:07 [clientcursormon] mem (MB) res:28 virt:114 mapped:32
Mon Mar 12 16:50:07 [clientcursormon] mem (MB) res:28 virt:114 mapped:32
Mon Mar 12 16:55:07 [clientcursormon] mem (MB) res:28 virt:114 mapped:32
Mon Mar 12 17:00:07 [clientcursormon] mem (MB) res:28 virt:114 mapped:32
Mon Mar 12 17:01:43 [conn1] end connection 127.0.0.1:50478
Mon Mar 12 17:01:44 [initandlisten] connection accepted from 127.0.0.1:50978 #2
Mon Mar 12 17:05:07 [clientcursormon] mem (MB) res:28 virt:114 mapped:32
Mon Mar 12 17:10:07 [clientcursormon] mem (MB) res:28 virt:114 mapped:32
Mon Mar 12 17:15:07 [clientcursormon] mem (MB) res:28 virt:114 mapped:32
Mon Mar 12 17:20:07 [clientcursormon] mem (MB) res:28 virt:114 mapped:32
Mon Mar 12 17:25:07 [clientcursormon] mem (MB) res:28 virt:114 mapped:32
Mon Mar 12 17:30:07 [clientcursormon] mem (MB) res:28 virt:114 mapped:32
Mon Mar 12 17:35:07 [clientcursormon] mem (MB) res:28 virt:114 mapped:32
Mon Mar 12 17:40:07 [clientcursormon] mem (MB) res:28 virt:114 mapped:32
Mon Mar 12 17:45:07 [clientcursormon] mem (MB) res:28 virt:114 mapped:32
Mon Mar 12 17:50:07 [clientcursormon] mem (MB) res:28 virt:114 mapped:32
Mon Mar 12 17:55:07 [clientcursormon] mem (MB) res:28 virt:114 mapped:32
Mon Mar 12 18:00:07 [clientcursormon] mem (MB) res:28 virt:114 mapped:32
Mon Mar 12 18:05:07 [clientcursormon] mem (MB) res:28 virt:114 mapped:32
Mon Mar 12 18:10:07 [clientcursormon] mem (MB) res:28 virt:114 mapped:32
Mon Mar 12 18:15:07 [clientcursormon] mem (MB) res:28 virt:114 mapped:32
Mon Mar 12 18:20:07 [clientcursormon] mem (MB) res:28 virt:114 mapped:32
Mon Mar 12 18:25:07 [clientcursormon] mem (MB) res:28 virt:114 mapped:32
Mon Mar 12 18:30:07 [clientcursormon] mem (MB) res:28 virt:114 mapped:32
Mon Mar 12 18:35:07 [clientcursormon] mem (MB) res:28 virt:114 mapped:32
Mon Mar 12 18:40:07 [clientcursormon] mem (MB) res:28 virt:114 mapped:32
Mon Mar 12 18:45:07 [clientcursormon] mem (MB) res:28 virt:114 mapped:32
Mon Mar 12 18:50:07 [clientcursormon] mem (MB) res:28 virt:114 mapped:32
Mon Mar 12 18:55:07 [clientcursormon] mem (MB) res:28 virt:114 mapped:32
Mon Mar 12 19:00:07 [clientcursormon] mem (MB) res:28 virt:114 mapped:32
Mon Mar 12 19:05:07 [clientcursormon] mem (MB) res:28 virt:114 mapped:32
Mon Mar 12 19:10:07 [clientcursormon] mem (MB) res:28 virt:114 mapped:32
Mon Mar 12 19:15:07 [clientcursormon] mem (MB) res:28 virt:114 mapped:32
Mon Mar 12 19:20:07 [clientcursormon] mem (MB) res:28 virt:114 mapped:32
Mon Mar 12 19:25:07 [clientcursormon] mem (MB) res:28 virt:114 mapped:32
Mon Mar 12 19:30:07 [clientcursormon] mem (MB) res:28 virt:114 mapped:32
Mon Mar 12 19:35:07 [clientcursormon] mem (MB) res:28 virt:114 mapped:32
Mon Mar 12 19:40:07 [clientcursormon] mem (MB) res:28 virt:114 mapped:32
Mon Mar 12 19:45:07 [clientcursormon] mem (MB) res:28 virt:114 mapped:32
Mon Mar 12 19:50:07 [clientcursormon] mem (MB) res:28 virt:114 mapped:32
Mon Mar 12 19:55:07 [clientcursormon] mem (MB) res:28 virt:114 mapped:32
Mon Mar 12 20:00:07 [clientcursormon] mem (MB) res:28 virt:114 mapped:32
Mon Mar 12 20:05:07 [clientcursormon] mem (MB) res:28 virt:114 mapped:32
Mon Mar 12 20:10:07 [clientcursormon] mem (MB) res:28 virt:114 mapped:32
Mon Mar 12 20:15:07 [clientcursormon] mem (MB) res:28 virt:114 mapped:32
Mon Mar 12 20:20:07 [clientcursormon] mem (MB) res:28 virt:114 mapped:32
Mon Mar 12 20:25:07 [clientcursormon] mem (MB) res:28 virt:114 mapped:32
Mon Mar 12 20:30:07 [clientcursormon] mem (MB) res:28 virt:114 mapped:32
Mon Mar 12 20:35:07 [clientcursormon] mem (MB) res:28 virt:114 mapped:32
Mon Mar 12 20:39:18 [conn2] end connection 127.0.0.1:50978
Mon Mar 12 20:40:07 [clientcursormon] mem (MB) res:28 virt:114 mapped:32
Mon Mar 12 20:45:07 [clientcursormon] mem (MB) res:28 virt:114 mapped:32
Mon Mar 12 20:50:07 [clientcursormon] mem (MB) res:28 virt:114 mapped:32
Mon Mar 12 20:55:07 [clientcursormon] mem (MB) res:28 virt:114 mapped:32
Mon Mar 12 21:00:07 [clientcursormon] mem (MB) res:28 virt:114 mapped:32
Mon Mar 12 21:05:07 [clientcursormon] mem (MB) res:28 virt:114 mapped:32
Mon Mar 12 21:10:07 [clientcursormon] mem (MB) res:28 virt:114 mapped:32
Mon Mar 12 21:15:07 [clientcursormon] mem (MB) res:28 virt:114 mapped:32
Mon Mar 12 21:20:07 [clientcursormon] mem (MB) res:28 virt:114 mapped:32
Mon Mar 12 21:25:07 [clientcursormon] mem (MB) res:28 virt:114 mapped:32
Mon Mar 12 21:30:07 [clientcursormon] mem (MB) res:28 virt:114 mapped:32
Mon Mar 12 21:35:07 [clientcursormon] mem (MB) res:28 virt:114 mapped:32
Mon Mar 12 21:40:07 [clientcursormon] mem (MB) res:28 virt:114 mapped:32
Mon Mar 12 21:45:07 [clientcursormon] mem (MB) res:28 virt:114 mapped:32
Mon Mar 12 21:50:07 [clientcursormon] mem (MB) res:28 virt:114 mapped:32
Mon Mar 12 21:55:07 [clientcursormon] mem (MB) res:28 virt:114 mapped:32
Mon Mar 12 22:00:07 [clientcursormon] mem (MB) res:28 virt:114 mapped:32
Mon Mar 12 22:05:07 [clientcursormon] mem (MB) res:28 virt:114 mapped:32
Mon Mar 12 22:10:07 [clientcursormon] mem (MB) res:28 virt:114 mapped:32
Mon Mar 12 22:15:07 [clientcursormon] mem (MB) res:28 virt:114 mapped:32
Mon Mar 12 22:20:08 [clientcursormon] mem (MB) res:28 virt:114 mapped:32
Mon Mar 12 22:25:08 [clientcursormon] mem (MB) res:28 virt:114 mapped:32
Mon Mar 12 22:30:08 [clientcursormon] mem (MB) res:28 virt:114 mapped:32
Mon Mar 12 22:35:08 [clientcursormon] mem (MB) res:28 virt:114 mapped:32
Mon Mar 12 22:40:08 [clientcursormon] mem (MB) res:28 virt:114 mapped:32
Mon Mar 12 22:45:08 [clientcursormon] mem (MB) res:28 virt:114 mapped:32
Mon Mar 12 22:50:08 [clientcursormon] mem (MB) res:28 virt:114 mapped:32
Mon Mar 12 22:55:08 [clientcursormon] mem (MB) res:28 virt:114 mapped:32
Mon Mar 12 23:00:08 [clientcursormon] mem (MB) res:28 virt:114 mapped:32
Mon Mar 12 23:05:08 [clientcursormon] mem (MB) res:28 virt:114 mapped:32
Mon Mar 12 23:10:08 [clientcursormon] mem (MB) res:28 virt:114 mapped:32
Mon Mar 12 23:15:08 [clientcursormon] mem (MB) res:28 virt:114 mapped:32
Mon Mar 12 23:20:08 [clientcursormon] mem (MB) res:28 virt:114 mapped:32
Mon Mar 12 23:25:08 [clientcursormon] mem (MB) res:28 virt:114 mapped:32
Mon Mar 12 23:30:08 [clientcursormon] mem (MB) res:28 virt:114 mapped:32
Mon Mar 12 23:35:08 [clientcursormon] mem (MB) res:28 virt:114 mapped:32
Mon Mar 12 23:40:08 [clientcursormon] mem (MB) res:28 virt:114 mapped:32
Mon Mar 12 23:45:08 [clientcursormon] mem (MB) res:28 virt:114 mapped:32
Mon Mar 12 23:50:08 [clientcursormon] mem (MB) res:28 virt:114 mapped:32
Mon Mar 12 23:55:08 [clientcursormon] mem (MB) res:28 virt:114 mapped:32
Tue Mar 13 00:00:08 [clientcursormon] mem (MB) res:28 virt:114 mapped:32
Tue Mar 13 00:05:08 [clientcursormon] mem (MB) res:28 virt:114 mapped:32
Tue Mar 13 00:10:08 [clientcursormon] mem (MB) res:28 virt:114 mapped:32
Tue Mar 13 00:15:08 [clientcursormon] mem (MB) res:28 virt:114 mapped:32
Tue Mar 13 00:20:08 [clientcursormon] mem (MB) res:28 virt:114 mapped:32
Tue Mar 13 00:25:08 [clientcursormon] mem (MB) res:28 virt:114 mapped:32
Tue Mar 13 00:30:08 [clientcursormon] mem (MB) res:28 virt:114 mapped:32
Tue Mar 13 00:35:08 [clientcursormon] mem (MB) res:28 virt:114 mapped:32
Tue Mar 13 00:40:08 [clientcursormon] mem (MB) res:28 virt:114 mapped:32
Tue Mar 13 00:45:08 [clientcursormon] mem (MB) res:28 virt:114 mapped:32
Tue Mar 13 00:50:08 [clientcursormon] mem (MB) res:28 virt:114 mapped:32
Tue Mar 13 00:55:08 [clientcursormon] mem (MB) res:28 virt:114 mapped:32
Tue Mar 13 01:00:08 [clientcursormon] mem (MB) res:28 virt:114 mapped:32
Tue Mar 13 01:05:08 [clientcursormon] mem (MB) res:28 virt:114 mapped:32
Tue Mar 13 01:10:08 [clientcursormon] mem (MB) res:28 virt:114 mapped:32
Tue Mar 13 01:15:08 [clientcursormon] mem (MB) res:28 virt:114 mapped:32
Tue Mar 13 01:20:08 [clientcursormon] mem (MB) res:28 virt:114 mapped:32
Tue Mar 13 01:25:08 [clientcursormon] mem (MB) res:28 virt:114 mapped:32
Tue Mar 13 01:30:08 [clientcursormon] mem (MB) res:28 virt:114 mapped:32
Tue Mar 13 01:35:08 [clientcursormon] mem (MB) res:28 virt:114 mapped:32
Tue Mar 13 01:40:08 [clientcursormon] mem (MB) res:28 virt:114 mapped:32
Tue Mar 13 01:45:08 [clientcursormon] mem (MB) res:28 virt:114 mapped:32
Tue Mar 13 01:50:08 [clientcursormon] mem (MB) res:28 virt:114 mapped:32
Tue Mar 13 01:55:08 [clientcursormon] mem (MB) res:28 virt:114 mapped:32
Tue Mar 13 02:00:08 [clientcursormon] mem (MB) res:28 virt:114 mapped:32
Tue Mar 13 02:05:08 [clientcursormon] mem (MB) res:28 virt:114 mapped:32
Tue Mar 13 02:10:08 [clientcursormon] mem (MB) res:28 virt:114 mapped:32
Tue Mar 13 02:15:08 [clientcursormon] mem (MB) res:28 virt:114 mapped:32
Tue Mar 13 02:20:08 [clientcursormon] mem (MB) res:28 virt:114 mapped:32
Tue Mar 13 02:25:08 [clientcursormon] mem (MB) res:28 virt:114 mapped:32
Tue Mar 13 02:30:08 [clientcursormon] mem (MB) res:28 virt:114 mapped:32
Tue Mar 13 02:35:08 [clientcursormon] mem (MB) res:28 virt:114 mapped:32
Tue Mar 13 02:40:08 [clientcursormon] mem (MB) res:28 virt:114 mapped:32
Tue Mar 13 02:45:08 [clientcursormon] mem (MB) res:28 virt:114 mapped:32
Tue Mar 13 02:50:08 [clientcursormon] mem (MB) res:28 virt:114 mapped:32
Tue Mar 13 02:55:08 [clientcursormon] mem (MB) res:28 virt:114 mapped:32
Tue Mar 13 03:00:08 [clientcursormon] mem (MB) res:28 virt:114 mapped:32
Tue Mar 13 03:05:08 [clientcursormon] mem (MB) res:28 virt:114 mapped:32
Tue Mar 13 03:10:08 [clientcursormon] mem (MB) res:28 virt:114 mapped:32
Tue Mar 13 03:15:08 [clientcursormon] mem (MB) res:28 virt:114 mapped:32
Tue Mar 13 03:15:31 got kill or ctrl c or hup signal 15 (Terminated), will terminate after current cmd ends
Tue Mar 13 03:15:31 [interruptThread] now exiting
Tue Mar 13 03:15:31 dbexit: 
Tue Mar 13 03:15:31 [interruptThread] shutdown: going to close listening sockets...
Tue Mar 13 03:15:31 [interruptThread] closing listening socket: 5
Tue Mar 13 03:15:31 [interruptThread] closing listening socket: 6
Tue Mar 13 03:15:31 [interruptThread] closing listening socket: 7
Tue Mar 13 03:15:31 [interruptThread] removing socket file: /tmp/mongodb-27017.sock
Tue Mar 13 03:15:31 [interruptThread] shutdown: going to flush diaglog...
Tue Mar 13 03:15:31 [interruptThread] shutdown: going to close sockets...
Tue Mar 13 03:15:31 [interruptThread] shutdown: waiting for fs preallocator...
Tue Mar 13 03:15:31 [interruptThread] shutdown: closing all files...
Tue Mar 13 03:15:31 [interruptThread] closeAllFiles() finished
Tue Mar 13 03:15:31 [interruptThread] shutdown: removing fs lock...
Tue Mar 13 03:15:31 dbexit: really exiting now
